objc[3486]: Class AXEmojiUtilities is implemented in both /Applications/Xcode.app/Contents/Developer/Platforms/iPhoneSimulator.platform/Developer/SDKs/iPhoneSimulator7.1.sdk/System/Library/PrivateFrameworks/AccessibilityUtilities.framework/AccessibilityUtilities and /Applications/Xcode.app/Contents/Developer/Platforms/iPhoneSimulator.platform/Developer/SDKs/iPhoneSimulator7.1.sdk/usr/lib/libAXSpeechManager.dylib. One of the two will be used. Which one is undefined.
2014-07-20 23:43:38.455 HelloWorld[3486:70b] Cannot find executable for CFBundle 0xa5a79f0 </Applications/Xcode.app/Contents/Developer/Platforms/iPhoneSimulator.platform/Developer/SDKs/iPhoneSimulator7.1.sdk/System/Library/AccessibilityBundles/GeoServices.axbundle> (not loaded)
2014-07-20 23:43:38.464 HelloWorld[3486:70b] Cannot find executable for CFBundle 0xa4d31e0 </Applications/Xcode.app/Contents/Developer/Platforms/iPhoneSimulator.platform/Developer/SDKs/iPhoneSimulator7.1.sdk/System/Library/AccessibilityBundles/CertUIFramework.axbundle> (not loaded)
2014-07-20 23:43:38.500 HelloWorld[3486:70b] Multi-tasking -> Device: YES, App: YES
2014-07-20 23:43:38.511 HelloWorld[3486:70b] Unlimited access to network resources
2014-07-20 23:43:38.515 HelloWorld[3486:70b] 

Started backup to iCloud! Please be careful.
Your application might rejected by Apple if you store too much data.
For more information please read "iOS Data Storage Guidelines"
You could find it at the following address https://developer.apple.com/icloud/documentation/data-storage/ .

2014-07-20 23:43:38.672 HelloWorld[3486:70b] Resetting plugins due to page load.
2014-07-20 23:43:41.244 HelloWorld[3486:70b] Finished load of: file:///Users/Puru/Library/Application%20Support/iPhone%20Simulator/7.1/Applications/05E09777-96D3-4F57-893D-4E82CF994850/HelloWorld.app/www/index.html
2014-07-20 23:44:08.612 HelloWorld[3486:70b] Resetting plugins due to page load.
2014-07-20 23:44:08.614 HelloWorld[3486:70b] Failed to load webpage with error: Frame load interrupted
2014-07-20 23:44:37.702 HelloWorld[3486:70b] CDVWebViewDelegate: Navigation started when state=1
2014-07-20 23:44:37.702 HelloWorld[3486:70b] Failed to load webpage with error: CDVWebViewDelegate: Navigation started when state=1
2014-07-20 23:44:37.703 HelloWorld[3486:70b] Resetting plugins due to page load.
2014-07-20 23:44:38.202 HelloWorld[3486:70b] Finished load of: https://twitter.com/D4H4L
2014-07-20 23:44:38.204 HelloWorld[3486:70b] Resetting plugins due to page load.
2014-07-20 23:44:40.490 HelloWorld[3486:70b] Finished load of: https://mobile.twitter.com/D4H4L
2014-07-20 23:52:18.566 Bloggify[4311:70b] Multi-tasking -> Device: YES, App: YES
2014-07-20 23:52:18.580 Bloggify[4311:70b] Unlimited access to network resources
2014-07-20 23:52:18.583 Bloggify[4311:70b] 

Started backup to iCloud! Please be careful.
Your application might rejected by Apple if you store too much data.
For more information please read "iOS Data Storage Guidelines"
You could find it at the following address https://developer.apple.com/icloud/documentation/data-storage/ .

2014-07-20 23:52:18.739 Bloggify[4311:70b] Resetting plugins due to page load.
2014-07-20 23:52:19.769 Bloggify[4311:70b] Finished load of: file:///Users/Puru/Library/Application%20Support/iPhone%20Simulator/7.1/Applications/8B021785-184A-476A-849E-B8B486820601/Bloggify.app/www/index.html
2014-07-20 23:52:47.580 Bloggify[4311:70b] Resetting plugins due to page load.
2014-07-20 23:52:47.582 Bloggify[4311:70b] Failed to load webpage with error: Frame load interrupted
2014-07-20 23:52:53.655 Bloggify[4311:70b] Resetting plugins due to page load.
2014-07-20 23:52:53.687 Bloggify[4311:70b] Finished load of: file:///Users/Puru/Library/Application%20Support/iPhone%20Simulator/7.1/Applications/8B021785-184A-476A-849E-B8B486820601/Bloggify.app/www/articles.html
2014-07-20 23:52:56.373 Bloggify[4311:70b] Resetting plugins due to page load.
2014-07-20 23:52:56.399 Bloggify[4311:70b] Finished load of: file:///Users/Puru/Library/Application%20Support/iPhone%20Simulator/7.1/Applications/8B021785-184A-476A-849E-B8B486820601/Bloggify.app/www/blog/2014/06/21/pair-programming-an-awesome-experience.html
2014-07-20 23:53:21.020 Bloggify[4311:70b] Resetting plugins due to page load.
2014-07-20 23:53:21.049 Bloggify[4311:70b] Finished load of: file:///Users/Puru/Library/Application%20Support/iPhone%20Simulator/7.1/Applications/8B021785-184A-476A-849E-B8B486820601/Bloggify.app/www/articles.html
2014-07-20 23:53:23.882 Bloggify[4311:70b] Resetting plugins due to page load.
2014-07-20 23:53:23.925 Bloggify[4311:70b] Finished load of: file:///Users/Puru/Library/Application%20Support/iPhone%20Simulator/7.1/Applications/8B021785-184A-476A-849E-B8B486820601/Bloggify.app/www/blog/2014/06/18/introduction-to-ruby-on-rails-ror-101.html
